<?xml version="1.0" encoding="UTF-8"?>
<!-- Generated by org.testng.reporters.JUnitXMLReporter -->
<testsuite ignored="0" hostname="LP-TZD-0X139838" failures="0" tests="8" name="Surefire test" time="99.994" errors="0" timestamp="2026-01-01T01:36:33 IST">
  <testcase classname="com.CoforgeMavenTestDemo.MultipleBrowserTest" name="EdgeTest" time="9.658"/>
  <testcase classname="com.CoforgeMavenTestDemo.MultipleBrowserTest" name="FirefoxTest" time="36.705"/>
  <testcase classname="com.CoforgeMavenTestDemo.MultipleBrowserTest" name="ChromeTest" time="11.023"/>
  <testcase classname="com.CoforgeMavenTestDemo.MultipleBrowserTest" name="ChromeTest1" time="6.227"/>
  <testcase classname="com.CoforgeMavenTestDemo.MultipleBrowserTest" name="ChromeTest2" time="6.928"/>
  <testcase classname="com.CoforgeMavenTestDemo.MultipleBrowserTest" name="ChromeTest4" time="6.924"/>
  <testcase classname="com.CoforgeMavenTestDemo.MultipleBrowserTest" name="EdgeTestUpdate" time="7.79"/>
  <testcase classname="com.CoforgeMavenTestDemo.MultipleBrowserTest" name="IDLocatorExample" time="14.286"/>
</testsuite> <!-- Surefire test -->
