<?xml version="1.0" encoding="UTF-8"?>
<testsuite xmlns:xsi="http://www.w3.org/2001/XMLSchema-instance" xsi:noNamespaceSchemaLocation="https://maven.apache.org/surefire/maven-surefire-plugin/xsd/surefire-test-report.xsd" version="3.0.2" name="com.CoforgeMavenTestDemo.MultipleBrowserTest" time="101.92" tests="8" errors="0" skipped="0" failures="0">
  <properties>
[...]
</properties>
  <testcase name="EdgeTest" classname="com.CoforgeMavenTestDemo.MultipleBrowserTest" time="9.954">
    <system-out><![CDATA[https://testng.org/
Title matched: Test Script Passed
]]></system-out>
  </testcase>
  <testcase name="FirefoxTest" classname="com.CoforgeMavenTestDemo.MultipleBrowserTest" time="36.705">
    <system-out><![CDATA[https://www.hollandandbarrett.com/
Title matched: Test Script Passed
]]></system-out>
  </testcase>
  <testcase name="ChromeTest" classname="com.CoforgeMavenTestDemo.MultipleBrowserTest" time="11.023">
    <system-out><![CDATA[Current URL: https://www.selenium.dev/downloads/
URL Length: 35
Title matched: Test Script Passed: Did a Wonderful Job.....!
URL matched: Test Script Passed: Did a Wonderful Job.....! 
]]></system-out>
  </testcase>
  <testcase name="ChromeTest1" classname="com.CoforgeMavenTestDemo.MultipleBrowserTest" time="6.24">
    <system-out><![CDATA[Current URL: https://www.selenium.dev/downloads/
URL Length: 35
Title not matched: Test Script Failed: Mentor Is Bad 
URL matched: Test Script Passed: Did a Wonderful Job.....! 
]]></system-out>
  </testcase>
  <testcase name="ChromeTest2" classname="com.CoforgeMavenTestDemo.MultipleBrowserTest" time="6.935">
    <system-out><![CDATA[Current URL: https://www.selenium.dev/downloads/
URL Length: 35
Title not matched: Test Script Failed: Mentor Is Bad 
URL matched: Test Script Passed: Did a Wonderful Job.....! 
]]></system-out>
  </testcase>
  <testcase name="ChromeTest4" classname="com.CoforgeMavenTestDemo.MultipleBrowserTest" time="6.933">
    <system-out><![CDATA[Current URL: https://www.selenium.dev/downloads/
URL Length: 35
Title not matched: Test Script Failed: Mentor Is Bad 
URL matched: Test Script Passed: Did a Wonderful Job.....! 
]]></system-out>
  </testcase>
  <testcase name="EdgeTestUpdate" classname="com.CoforgeMavenTestDemo.MultipleBrowserTest" time="7.803">
    <system-out><![CDATA[https://testng.org/
Title matched: Test Script Passed
]]></system-out>
  </testcase>
  <testcase name="IDLocatorExample" classname="com.CoforgeMavenTestDemo.MultipleBrowserTest" time="14.289"/>
</testsuite>