<?xml version="1.0" encoding="UTF-8"?>
<testng-results ignored="0" total="8" passed="8" failed="0" skipped="0">
  <reporter-output>
  </reporter-output>
  <suite started-at="2026-01-01T01:34:53 IST" name="Surefire suite" finished-at="2026-01-01T01:36:33 IST" duration-ms="99994">
    <groups>
    </groups>
    <test started-at="2026-01-01T01:34:53 IST" name="Surefire test" finished-at="2026-01-01T01:36:33 IST" duration-ms="99994">
      <class name="com.CoforgeMavenTestDemo.MultipleBrowserTest">
        <test-method signature="EdgeTest()[pri:0, instance:com.CoforgeMavenTestDemo.MultipleBrowserTest@6c5945a7]" started-at="2026-01-01T01:34:53 IST" name="EdgeTest" finished-at="2026-01-01T01:35:03 IST" duration-ms="9658" status="PASS">
          <reporter-output>
          </reporter-output>
        </test-method> <!-- EdgeTest -->
        <test-method signature="FirefoxTest()[pri:1, instance:com.CoforgeMavenTestDemo.MultipleBrowserTest@6c5945a7]" started-at="2026-01-01T01:35:03 IST" name="FirefoxTest" finished-at="2026-01-01T01:35:40 IST" duration-ms="36705" status="PASS">
          <reporter-output>
          </reporter-output>
        </test-method> <!-- FirefoxTest -->
        <test-method signature="ChromeTest()[pri:2, instance:com.CoforgeMavenTestDemo.MultipleBrowserTest@6c5945a7]" started-at="2026-01-01T01:35:40 IST" name="ChromeTest" finished-at="2026-01-01T01:35:51 IST" duration-ms="11023" status="PASS">
          <reporter-output>
          </reporter-output>
        </test-method> <!-- ChromeTest -->
        <test-method signature="ChromeTest1()[pri:3, instance:com.CoforgeMavenTestDemo.MultipleBrowserTest@6c5945a7]" started-at="2026-01-01T01:35:51 IST" name="ChromeTest1" finished-at="2026-01-01T01:35:57 IST" duration-ms="6227" status="PASS">
          <reporter-output>
          </reporter-output>
        </test-method> <!-- ChromeTest1 -->
        <test-method signature="ChromeTest2()[pri:4, instance:com.CoforgeMavenTestDemo.MultipleBrowserTest@6c5945a7]" started-at="2026-01-01T01:35:57 IST" name="ChromeTest2" finished-at="2026-01-01T01:36:04 IST" duration-ms="6928" status="PASS">
          <reporter-output>
          </reporter-output>
        </test-method> <!-- ChromeTest2 -->
        <test-method signature="ChromeTest4()[pri:5, instance:com.CoforgeMavenTestDemo.MultipleBrowserTest@6c5945a7]" started-at="2026-01-01T01:36:04 IST" name="ChromeTest4" finished-at="2026-01-01T01:36:11 IST" duration-ms="6924" status="PASS">
          <reporter-output>
          </reporter-output>
        </test-method> <!-- ChromeTest4 -->
        <test-method signature="EdgeTestUpdate()[pri:6, instance:com.CoforgeMavenTestDemo.MultipleBrowserTest@6c5945a7]" started-at="2026-01-01T01:36:11 IST" name="EdgeTestUpdate" finished-at="2026-01-01T01:36:19 IST" duration-ms="7790" status="PASS">
          <reporter-output>
          </reporter-output>
        </test-method> <!-- EdgeTestUpdate -->
        <test-method signature="IDLocatorExample()[pri:7, instance:com.CoforgeMavenTestDemo.MultipleBrowserTest@6c5945a7]" started-at="2026-01-01T01:36:19 IST" name="IDLocatorExample" finished-at="2026-01-01T01:36:33 IST" duration-ms="14286" status="PASS">
          <reporter-output>
          </reporter-output>
        </test-method> <!-- IDLocatorExample -->
      </class> <!-- com.CoforgeMavenTestDemo.MultipleBrowserTest -->
    </test> <!-- Surefire test -->
  </suite> <!-- Surefire suite -->
</testng-results>
