<?xml version="1.0" encoding="UTF-8"?>
<testng-results ignored="0" total="8" passed="8" failed="0" skipped="0">
  <reporter-output>
  </reporter-output>
  <suite started-at="2026-01-06T09:44:16 IST" name="Default suite" finished-at="2026-01-06T09:45:03 IST" duration-ms="46906">
    <groups>
    </groups>
    <test started-at="2026-01-06T09:44:16 IST" name="Default test" finished-at="2026-01-06T09:45:03 IST" duration-ms="46906">
      <class name="com.CoforgeMavenTestDemo.MultipleBrowserTest">
        <test-method signature="EdgeTest()[pri:0, instance:com.CoforgeMavenTestDemo.MultipleBrowserTest@1807f5a7]" started-at="2026-01-06T09:44:16 IST" name="EdgeTest" finished-at="2026-01-06T09:44:22 IST" duration-ms="5302" status="PASS">
          <reporter-output>
          </reporter-output>
        </test-method> <!-- EdgeTest -->
        <test-method signature="FirefoxTest()[pri:1, instance:com.CoforgeMavenTestDemo.MultipleBrowserTest@1807f5a7]" started-at="2026-01-06T09:44:22 IST" name="FirefoxTest" finished-at="2026-01-06T09:44:35 IST" duration-ms="13325" status="PASS">
          <reporter-output>
          </reporter-output>
        </test-method> <!-- FirefoxTest -->
        <test-method signature="ChromeTest()[pri:2, instance:com.CoforgeMavenTestDemo.MultipleBrowserTest@1807f5a7]" started-at="2026-01-06T09:44:35 IST" name="ChromeTest" finished-at="2026-01-06T09:44:39 IST" duration-ms="4039" status="PASS">
          <reporter-output>
          </reporter-output>
        </test-method> <!-- ChromeTest -->
        <test-method signature="ChromeTest1()[pri:3, instance:com.CoforgeMavenTestDemo.MultipleBrowserTest@1807f5a7]" started-at="2026-01-06T09:44:39 IST" name="ChromeTest1" finished-at="2026-01-06T09:44:43 IST" duration-ms="4013" status="PASS">
          <reporter-output>
          </reporter-output>
        </test-method> <!-- ChromeTest1 -->
        <test-method signature="ChromeTest2()[pri:4, instance:com.CoforgeMavenTestDemo.MultipleBrowserTest@1807f5a7]" started-at="2026-01-06T09:44:43 IST" name="ChromeTest2" finished-at="2026-01-06T09:44:47 IST" duration-ms="3721" status="PASS">
          <reporter-output>
          </reporter-output>
        </test-method> <!-- ChromeTest2 -->
        <test-method signature="ChromeTest4()[pri:5, instance:com.CoforgeMavenTestDemo.MultipleBrowserTest@1807f5a7]" started-at="2026-01-06T09:44:47 IST" name="ChromeTest4" finished-at="2026-01-06T09:44:51 IST" duration-ms="3745" status="PASS">
          <reporter-output>
          </reporter-output>
        </test-method> <!-- ChromeTest4 -->
        <test-method signature="EdgeTestUpdate()[pri:6, instance:com.CoforgeMavenTestDemo.MultipleBrowserTest@1807f5a7]" started-at="2026-01-06T09:44:51 IST" name="EdgeTestUpdate" finished-at="2026-01-06T09:44:54 IST" duration-ms="3451" status="PASS">
          <reporter-output>
          </reporter-output>
        </test-method> <!-- EdgeTestUpdate -->
        <test-method signature="IDLocatorExample()[pri:7, instance:com.CoforgeMavenTestDemo.MultipleBrowserTest@1807f5a7]" started-at="2026-01-06T09:44:54 IST" name="IDLocatorExample" finished-at="2026-01-06T09:45:03 IST" duration-ms="9111" status="PASS">
          <reporter-output>
          </reporter-output>
        </test-method> <!-- IDLocatorExample -->
      </class> <!-- com.CoforgeMavenTestDemo.MultipleBrowserTest -->
    </test> <!-- Default test -->
  </suite> <!-- Default suite -->
</testng-results>
