<?xml version="1.0" encoding="UTF-8"?>
<!-- Generated by org.testng.reporters.JUnitReportReporter -->
<testsuite hostname="LP-TZD-0X139838" failures="0" tests="8" name="com.CoforgeMavenTestDemo.MultipleBrowserTestDemo" time="50.122" errors="0" timestamp="2025-12-26T14:09:50 IST" skipped="0">
  <testcase classname="com.CoforgeMavenTestDemo.MultipleBrowserTestDemo" name="EdgeTest" time="4.597"/>
  <testcase classname="com.CoforgeMavenTestDemo.MultipleBrowserTestDemo" name="FirefoxTest" time="11.215"/>
  <testcase classname="com.CoforgeMavenTestDemo.MultipleBrowserTestDemo" name="ChromeTest" time="7.822"/>
  <testcase classname="com.CoforgeMavenTestDemo.MultipleBrowserTestDemo" name="ChromeTest1" time="5.566"/>
  <testcase classname="com.CoforgeMavenTestDemo.MultipleBrowserTestDemo" name="ChromeTest2" time="4.405"/>
  <testcase classname="com.CoforgeMavenTestDemo.MultipleBrowserTestDemo" name="ChromeTest4" time="4.902"/>
  <testcase classname="com.CoforgeMavenTestDemo.MultipleBrowserTestDemo" name="EdgeTestUpdate" time="4.325"/>
  <testcase classname="com.CoforgeMavenTestDemo.MultipleBrowserTestDemo" name="IDLocatorExample" time="7.290"/>
</testsuite> <!-- com.CoforgeMavenTestDemo.MultipleBrowserTestDemo -->
