<?xml version="1.0" encoding="UTF-8"?>
<!-- Generated by org.testng.reporters.JUnitReportReporter -->
<testsuite hostname="LP-TZD-0X139838" failures="0" tests="8" name="com.CoforgeMavenTestDemo.MultipleBrowserTest" time="46.707" errors="0" timestamp="2026-01-06T09:45:04 IST" skipped="0">
  <testcase classname="com.CoforgeMavenTestDemo.MultipleBrowserTest" name="EdgeTest" time="5.302"/>
  <testcase classname="com.CoforgeMavenTestDemo.MultipleBrowserTest" name="FirefoxTest" time="13.325"/>
  <testcase classname="com.CoforgeMavenTestDemo.MultipleBrowserTest" name="ChromeTest" time="4.039"/>
  <testcase classname="com.CoforgeMavenTestDemo.MultipleBrowserTest" name="ChromeTest1" time="4.013"/>
  <testcase classname="com.CoforgeMavenTestDemo.MultipleBrowserTest" name="ChromeTest2" time="3.721"/>
  <testcase classname="com.CoforgeMavenTestDemo.MultipleBrowserTest" name="ChromeTest4" time="3.745"/>
  <testcase classname="com.CoforgeMavenTestDemo.MultipleBrowserTest" name="EdgeTestUpdate" time="3.451"/>
  <testcase classname="com.CoforgeMavenTestDemo.MultipleBrowserTest" name="IDLocatorExample" time="9.111"/>
</testsuite> <!-- com.CoforgeMavenTestDemo.MultipleBrowserTest -->
